The system is: Linux - 4.8.0-22-generic - x86_64
Compiling the C compiler identification source file "CMakeCCompilerId.c" succeeded.
Compiler: /home/user/anaconda3/envs/deepjetLinux3/bin/cc 
Build flags: 
Id flags:  

The output was:
0


Compilation of the C compiler identification source "CMakeCCompilerId.c" produced "a.out"

The C compiler identification is GNU, found in "/home/user/DeepJet/DeepJet/DeepHGCal/Converter/cmake-build-debug/CMakeFiles/3.8.2/CompilerIdC/a.out"

Compiling the CXX compiler identification source file "CMakeCXXCompilerId.cpp" succeeded.
Compiler: /home/user/anaconda3/envs/deepjetLinux3/bin/c++ 
Build flags: 
Id flags:  

The output was:
0


Compilation of the CXX compiler identification source "CMakeCXXCompilerId.cpp" produced "a.out"

The CXX compiler identification is GNU, found in "/home/user/DeepJet/DeepJet/DeepHGCal/Converter/cmake-build-debug/CMakeFiles/3.8.2/CompilerIdCXX/a.out"

Determining if the C compiler works passed with the following output:
Change Dir: /home/user/DeepJet/DeepJet/DeepHGCal/Converter/cmake-build-debug/CMakeFiles/CMakeTmp

Run Build Command:"/usr/bin/make" "cmTC_2398f/fast"
/usr/bin/make -f CMakeFiles/cmTC_2398f.dir/build.make CMakeFiles/cmTC_2398f.dir/build
make[1]: Entering directory '/home/user/DeepJet/DeepJet/DeepHGCal/Converter/cmake-build-debug/CMakeFiles/CMakeTmp'
Building C object CMakeFiles/cmTC_2398f.dir/testCCompiler.c.o
/home/user/anaconda3/envs/deepjetLinux3/bin/cc    -o CMakeFiles/cmTC_2398f.dir/testCCompiler.c.o   -c /home/user/DeepJet/DeepJet/DeepHGCal/Converter/cmake-build-debug/CMakeFiles/CMakeTmp/testCCompiler.c
Linking C executable cmTC_2398f
/home/user/clion-2017.2.1/bin/cmake/bin/cmake -E cmake_link_script CMakeFiles/cmTC_2398f.dir/link.txt --verbose=1
/home/user/anaconda3/envs/deepjetLinux3/bin/cc      CMakeFiles/cmTC_2398f.dir/testCCompiler.c.o  -o cmTC_2398f 
make[1]: Leaving directory '/home/user/DeepJet/DeepJet/DeepHGCal/Converter/cmake-build-debug/CMakeFiles/CMakeTmp'


Detecting C compiler ABI info compiled with the following output:
Change Dir: /home/user/DeepJet/DeepJet/DeepHGCal/Converter/cmake-build-debug/CMakeFiles/CMakeTmp

Run Build Command:"/usr/bin/make" "cmTC_17400/fast"
/usr/bin/make -f CMakeFiles/cmTC_17400.dir/build.make CMakeFiles/cmTC_17400.dir/build
make[1]: Entering directory '/home/user/DeepJet/DeepJet/DeepHGCal/Converter/cmake-build-debug/CMakeFiles/CMakeTmp'
Building C object CMakeFiles/cmTC_17400.dir/CMakeCCompilerABI.c.o
/home/user/anaconda3/envs/deepjetLinux3/bin/cc    -o CMakeFiles/cmTC_17400.dir/CMakeCCompilerABI.c.o   -c /home/user/clion-2017.2.1/bin/cmake/share/cmake-3.8/Modules/CMakeCCompilerABI.c
Linking C executable cmTC_17400
/home/user/clion-2017.2.1/bin/cmake/bin/cmake -E cmake_link_script CMakeFiles/cmTC_17400.dir/link.txt --verbose=1
/home/user/anaconda3/envs/deepjetLinux3/bin/cc     -v CMakeFiles/cmTC_17400.dir/CMakeCCompilerABI.c.o  -o cmTC_17400 
Using built-in specs.
COLLECT_GCC=/home/user/anaconda3/envs/deepjetLinux3/bin/cc
COLLECT_LTO_WRAPPER=/home/user/anaconda3/envs/deepjetLinux3/libexec/gcc/x86_64-unknown-linux-gnu/4.8.3/lto-wrapper
Target: x86_64-unknown-linux-gnu
Configured with: /media/NewPartition/anaconda3/conda-bld/work/objdir/../gcc-4.8.2-20140120/configure --prefix=/home/user/anaconda3/envs/deepjetLinux3 --libdir=/home/user/anaconda3/envs/deepjetLinux3/lib --with-gmp=/home/user/anaconda3/envs/deepjetLinux3 --with-mpfr=/home/user/anaconda3/envs/deepjetLinux3 --with-mpc=/home/user/anaconda3/envs/deepjetLinux3 --with-isl=/home/user/anaconda3/envs/deepjetLinux3 --with-cloog=/home/user/anaconda3/envs/deepjetLinux3 --enable-checking=release --disable-multilib --enable-languages=c,c++
Thread model: posix
gcc version 4.8.3 20140120 (prerelease) (GCC) 
COMPILER_PATH=/home/user/anaconda3/envs/deepjetLinux3/libexec/gcc/x86_64-unknown-linux-gnu/4.8.3/:/home/user/anaconda3/envs/deepjetLinux3/libexec/gcc/x86_64-unknown-linux-gnu/4.8.3/:/home/user/anaconda3/envs/deepjetLinux3/libexec/gcc/x86_64-unknown-linux-gnu/:/home/user/anaconda3/envs/deepjetLinux3/lib/gcc/x86_64-unknown-linux-gnu/4.8.3/:/home/user/anaconda3/envs/deepjetLinux3/lib/gcc/x86_64-unknown-linux-gnu/
LIBRARY_PATH=/home/user/anaconda3/envs/deepjetLinux3/lib/gcc/x86_64-unknown-linux-gnu/4.8.3/:/home/user/anaconda3/envs/deepjetLinux3/lib/gcc/x86_64-unknown-linux-gnu/4.8.3/../../../../lib64/:/lib/../lib64/:/home/user/anaconda3/envs/deepjetLinux3/lib/gcc/x86_64-unknown-linux-gnu/4.8.3/../../../:/lib/:/usr/lib/
COLLECT_GCC_OPTIONS='-v' '-o' 'cmTC_17400' '-mtune=generic' '-march=x86-64'
 /home/user/anaconda3/envs/deepjetLinux3/libexec/gcc/x86_64-unknown-linux-gnu/4.8.3/collect2 --eh-frame-hdr -m elf_x86_64 -dynamic-linker /lib64/ld-linux-x86-64.so.2 -o cmTC_17400 /home/user/anaconda3/envs/deepjetLinux3/lib/gcc/x86_64-unknown-linux-gnu/4.8.3/../../../crt1.o /home/user/anaconda3/envs/deepjetLinux3/lib/gcc/x86_64-unknown-linux-gnu/4.8.3/../../../crti.o /home/user/anaconda3/envs/deepjetLinux3/lib/gcc/x86_64-unknown-linux-gnu/4.8.3/crtbegin.o -L/home/user/anaconda3/envs/deepjetLinux3/lib/gcc/x86_64-unknown-linux-gnu/4.8.3 -L/home/user/anaconda3/envs/deepjetLinux3/lib/gcc/x86_64-unknown-linux-gnu/4.8.3/../../../../lib64 -L/lib/../lib64 -L/home/user/anaconda3/envs/deepjetLinux3/lib/gcc/x86_64-unknown-linux-gnu/4.8.3/../../.. CMakeFiles/cmTC_17400.dir/CMakeCCompilerABI.c.o -lgcc --as-needed -lgcc_s --no-as-needed -lc -lgcc --as-needed -lgcc_s --no-as-needed /home/user/anaconda3/envs/deepjetLinux3/lib/gcc/x86_64-unknown-linux-gnu/4.8.3/crtend.o /home/user/anaconda3/envs/deepjetLinux3/lib/gcc/x86_64-unknown-linux-gnu/4.8.3/../../../crtn.o
make[1]: Leaving directory '/home/user/DeepJet/DeepJet/DeepHGCal/Converter/cmake-build-debug/CMakeFiles/CMakeTmp'


Parsed C implicit link information from above output:
  link line regex: [^( *|.*[/\])(ld|([^/\]+-)?ld|collect2)[^/\]*( |$)]
  ignore line: [Change Dir: /home/user/DeepJet/DeepJet/DeepHGCal/Converter/cmake-build-debug/CMakeFiles/CMakeTmp]
  ignore line: []
  ignore line: [Run Build Command:"/usr/bin/make" "cmTC_17400/fast"]
  ignore line: [/usr/bin/make -f CMakeFiles/cmTC_17400.dir/build.make CMakeFiles/cmTC_17400.dir/build]
  ignore line: [make[1]: Entering directory '/home/user/DeepJet/DeepJet/DeepHGCal/Converter/cmake-build-debug/CMakeFiles/CMakeTmp']
  ignore line: [Building C object CMakeFiles/cmTC_17400.dir/CMakeCCompilerABI.c.o]
  ignore line: [/home/user/anaconda3/envs/deepjetLinux3/bin/cc    -o CMakeFiles/cmTC_17400.dir/CMakeCCompilerABI.c.o   -c /home/user/clion-2017.2.1/bin/cmake/share/cmake-3.8/Modules/CMakeCCompilerABI.c]
  ignore line: [Linking C executable cmTC_17400]
  ignore line: [/home/user/clion-2017.2.1/bin/cmake/bin/cmake -E cmake_link_script CMakeFiles/cmTC_17400.dir/link.txt --verbose=1]
  ignore line: [/home/user/anaconda3/envs/deepjetLinux3/bin/cc     -v CMakeFiles/cmTC_17400.dir/CMakeCCompilerABI.c.o  -o cmTC_17400 ]
  ignore line: [Using built-in specs.]
  ignore line: [COLLECT_GCC=/home/user/anaconda3/envs/deepjetLinux3/bin/cc]
  ignore line: [COLLECT_LTO_WRAPPER=/home/user/anaconda3/envs/deepjetLinux3/libexec/gcc/x86_64-unknown-linux-gnu/4.8.3/lto-wrapper]
  ignore line: [Target: x86_64-unknown-linux-gnu]
  ignore line: [Configured with: /media/NewPartition/anaconda3/conda-bld/work/objdir/../gcc-4.8.2-20140120/configure --prefix=/home/user/anaconda3/envs/deepjetLinux3 --libdir=/home/user/anaconda3/envs/deepjetLinux3/lib --with-gmp=/home/user/anaconda3/envs/deepjetLinux3 --with-mpfr=/home/user/anaconda3/envs/deepjetLinux3 --with-mpc=/home/user/anaconda3/envs/deepjetLinux3 --with-isl=/home/user/anaconda3/envs/deepjetLinux3 --with-cloog=/home/user/anaconda3/envs/deepjetLinux3 --enable-checking=release --disable-multilib --enable-languages=c,c++]
  ignore line: [Thread model: posix]
  ignore line: [gcc version 4.8.3 20140120 (prerelease) (GCC) ]
  ignore line: [COMPILER_PATH=/home/user/anaconda3/envs/deepjetLinux3/libexec/gcc/x86_64-unknown-linux-gnu/4.8.3/:/home/user/anaconda3/envs/deepjetLinux3/libexec/gcc/x86_64-unknown-linux-gnu/4.8.3/:/home/user/anaconda3/envs/deepjetLinux3/libexec/gcc/x86_64-unknown-linux-gnu/:/home/user/anaconda3/envs/deepjetLinux3/lib/gcc/x86_64-unknown-linux-gnu/4.8.3/:/home/user/anaconda3/envs/deepjetLinux3/lib/gcc/x86_64-unknown-linux-gnu/]
  ignore line: [LIBRARY_PATH=/home/user/anaconda3/envs/deepjetLinux3/lib/gcc/x86_64-unknown-linux-gnu/4.8.3/:/home/user/anaconda3/envs/deepjetLinux3/lib/gcc/x86_64-unknown-linux-gnu/4.8.3/../../../../lib64/:/lib/../lib64/:/home/user/anaconda3/envs/deepjetLinux3/lib/gcc/x86_64-unknown-linux-gnu/4.8.3/../../../:/lib/:/usr/lib/]
  ignore line: [COLLECT_GCC_OPTIONS='-v' '-o' 'cmTC_17400' '-mtune=generic' '-march=x86-64']
  link line: [ /home/user/anaconda3/envs/deepjetLinux3/libexec/gcc/x86_64-unknown-linux-gnu/4.8.3/collect2 --eh-frame-hdr -m elf_x86_64 -dynamic-linker /lib64/ld-linux-x86-64.so.2 -o cmTC_17400 /home/user/anaconda3/envs/deepjetLinux3/lib/gcc/x86_64-unknown-linux-gnu/4.8.3/../../../crt1.o /home/user/anaconda3/envs/deepjetLinux3/lib/gcc/x86_64-unknown-linux-gnu/4.8.3/../../../crti.o /home/user/anaconda3/envs/deepjetLinux3/lib/gcc/x86_64-unknown-linux-gnu/4.8.3/crtbegin.o -L/home/user/anaconda3/envs/deepjetLinux3/lib/gcc/x86_64-unknown-linux-gnu/4.8.3 -L/home/user/anaconda3/envs/deepjetLinux3/lib/gcc/x86_64-unknown-linux-gnu/4.8.3/../../../../lib64 -L/lib/../lib64 -L/home/user/anaconda3/envs/deepjetLinux3/lib/gcc/x86_64-unknown-linux-gnu/4.8.3/../../.. CMakeFiles/cmTC_17400.dir/CMakeCCompilerABI.c.o -lgcc --as-needed -lgcc_s --no-as-needed -lc -lgcc --as-needed -lgcc_s --no-as-needed /home/user/anaconda3/envs/deepjetLinux3/lib/gcc/x86_64-unknown-linux-gnu/4.8.3/crtend.o /home/user/anaconda3/envs/deepjetLinux3/lib/gcc/x86_64-unknown-linux-gnu/4.8.3/../../../crtn.o]
    arg [/home/user/anaconda3/envs/deepjetLinux3/libexec/gcc/x86_64-unknown-linux-gnu/4.8.3/collect2] ==> ignore
    arg [--eh-frame-hdr] ==> ignore
    arg [-m] ==> ignore
    arg [elf_x86_64] ==> ignore
    arg [-dynamic-linker] ==> ignore
    arg [/lib64/ld-linux-x86-64.so.2] ==> ignore
    arg [-o] ==> ignore
    arg [cmTC_17400] ==> ignore
    arg [/home/user/anaconda3/envs/deepjetLinux3/lib/gcc/x86_64-unknown-linux-gnu/4.8.3/../../../crt1.o] ==> ignore
    arg [/home/user/anaconda3/envs/deepjetLinux3/lib/gcc/x86_64-unknown-linux-gnu/4.8.3/../../../crti.o] ==> ignore
    arg [/home/user/anaconda3/envs/deepjetLinux3/lib/gcc/x86_64-unknown-linux-gnu/4.8.3/crtbegin.o] ==> ignore
    arg [-L/home/user/anaconda3/envs/deepjetLinux3/lib/gcc/x86_64-unknown-linux-gnu/4.8.3] ==> dir [/home/user/anaconda3/envs/deepjetLinux3/lib/gcc/x86_64-unknown-linux-gnu/4.8.3]
    arg [-L/home/user/anaconda3/envs/deepjetLinux3/lib/gcc/x86_64-unknown-linux-gnu/4.8.3/../../../../lib64] ==> dir [/home/user/anaconda3/envs/deepjetLinux3/lib/gcc/x86_64-unknown-linux-gnu/4.8.3/../../../../lib64]
    arg [-L/lib/../lib64] ==> dir [/lib/../lib64]
    arg [-L/home/user/anaconda3/envs/deepjetLinux3/lib/gcc/x86_64-unknown-linux-gnu/4.8.3/../../..] ==> dir [/home/user/anaconda3/envs/deepjetLinux3/lib/gcc/x86_64-unknown-linux-gnu/4.8.3/../../..]
    arg [CMakeFiles/cmTC_17400.dir/CMakeCCompilerABI.c.o] ==> ignore
    arg [-lgcc] ==> lib [gcc]
    arg [--as-needed] ==> ignore
    arg [-lgcc_s] ==> lib [gcc_s]
    arg [--no-as-needed] ==> ignore
    arg [-lc] ==> lib [c]
    arg [-lgcc] ==> lib [gcc]
    arg [--as-needed] ==> ignore
    arg [-lgcc_s] ==> lib [gcc_s]
    arg [--no-as-needed] ==> ignore
    arg [/home/user/anaconda3/envs/deepjetLinux3/lib/gcc/x86_64-unknown-linux-gnu/4.8.3/crtend.o] ==> ignore
    arg [/home/user/anaconda3/envs/deepjetLinux3/lib/gcc/x86_64-unknown-linux-gnu/4.8.3/../../../crtn.o] ==> ignore
  remove lib [gcc]
  remove lib [gcc_s]
  remove lib [gcc]
  remove lib [gcc_s]
  collapse library dir [/home/user/anaconda3/envs/deepjetLinux3/lib/gcc/x86_64-unknown-linux-gnu/4.8.3] ==> [/home/user/anaconda3/envs/deepjetLinux3/lib/gcc/x86_64-unknown-linux-gnu/4.8.3]
  collapse library dir [/home/user/anaconda3/envs/deepjetLinux3/lib/gcc/x86_64-unknown-linux-gnu/4.8.3/../../../../lib64] ==> [/home/user/anaconda3/envs/deepjetLinux3/lib64]
  collapse library dir [/lib/../lib64] ==> [/lib64]
  collapse library dir [/home/user/anaconda3/envs/deepjetLinux3/lib/gcc/x86_64-unknown-linux-gnu/4.8.3/../../..] ==> [/home/user/anaconda3/envs/deepjetLinux3/lib]
  implicit libs: [c]
  implicit dirs: [/home/user/anaconda3/envs/deepjetLinux3/lib/gcc/x86_64-unknown-linux-gnu/4.8.3;/home/user/anaconda3/envs/deepjetLinux3/lib64;/lib64;/home/user/anaconda3/envs/deepjetLinux3/lib]
  implicit fwks: []




Detecting C [-std=c11] compiler features compiled with the following output:
Change Dir: /home/user/DeepJet/DeepJet/DeepHGCal/Converter/cmake-build-debug/CMakeFiles/CMakeTmp

Run Build Command:"/usr/bin/make" "cmTC_de9cd/fast"
/usr/bin/make -f CMakeFiles/cmTC_de9cd.dir/build.make CMakeFiles/cmTC_de9cd.dir/build
make[1]: Entering directory '/home/user/DeepJet/DeepJet/DeepHGCal/Converter/cmake-build-debug/CMakeFiles/CMakeTmp'
Building C object CMakeFiles/cmTC_de9cd.dir/feature_tests.c.o
/home/user/anaconda3/envs/deepjetLinux3/bin/cc   -std=c11 -o CMakeFiles/cmTC_de9cd.dir/feature_tests.c.o   -c /home/user/DeepJet/DeepJet/DeepHGCal/Converter/cmake-build-debug/CMakeFiles/feature_tests.c
Linking C executable cmTC_de9cd
/home/user/clion-2017.2.1/bin/cmake/bin/cmake -E cmake_link_script CMakeFiles/cmTC_de9cd.dir/link.txt --verbose=1
/home/user/anaconda3/envs/deepjetLinux3/bin/cc      CMakeFiles/cmTC_de9cd.dir/feature_tests.c.o  -o cmTC_de9cd 
make[1]: Leaving directory '/home/user/DeepJet/DeepJet/DeepHGCal/Converter/cmake-build-debug/CMakeFiles/CMakeTmp'


    Feature record: C_FEATURE:1c_function_prototypes
    Feature record: C_FEATURE:1c_restrict
    Feature record: C_FEATURE:1c_static_assert
    Feature record: C_FEATURE:1c_variadic_macros


Detecting C [-std=c99] compiler features compiled with the following output:
Change Dir: /home/user/DeepJet/DeepJet/DeepHGCal/Converter/cmake-build-debug/CMakeFiles/CMakeTmp

Run Build Command:"/usr/bin/make" "cmTC_19d5c/fast"
/usr/bin/make -f CMakeFiles/cmTC_19d5c.dir/build.make CMakeFiles/cmTC_19d5c.dir/build
make[1]: Entering directory '/home/user/DeepJet/DeepJet/DeepHGCal/Converter/cmake-build-debug/CMakeFiles/CMakeTmp'
Building C object CMakeFiles/cmTC_19d5c.dir/feature_tests.c.o
/home/user/anaconda3/envs/deepjetLinux3/bin/cc   -std=c99 -o CMakeFiles/cmTC_19d5c.dir/feature_tests.c.o   -c /home/user/DeepJet/DeepJet/DeepHGCal/Converter/cmake-build-debug/CMakeFiles/feature_tests.c
Linking C executable cmTC_19d5c
/home/user/clion-2017.2.1/bin/cmake/bin/cmake -E cmake_link_script CMakeFiles/cmTC_19d5c.dir/link.txt --verbose=1
/home/user/anaconda3/envs/deepjetLinux3/bin/cc      CMakeFiles/cmTC_19d5c.dir/feature_tests.c.o  -o cmTC_19d5c 
make[1]: Leaving directory '/home/user/DeepJet/DeepJet/DeepHGCal/Converter/cmake-build-debug/CMakeFiles/CMakeTmp'


    Feature record: C_FEATURE:1c_function_prototypes
    Feature record: C_FEATURE:1c_restrict
    Feature record: C_FEATURE:0c_static_assert
    Feature record: C_FEATURE:1c_variadic_macros


Detecting C [-std=c90] compiler features compiled with the following output:
Change Dir: /home/user/DeepJet/DeepJet/DeepHGCal/Converter/cmake-build-debug/CMakeFiles/CMakeTmp

Run Build Command:"/usr/bin/make" "cmTC_e77a4/fast"
/usr/bin/make -f CMakeFiles/cmTC_e77a4.dir/build.make CMakeFiles/cmTC_e77a4.dir/build
make[1]: Entering directory '/home/user/DeepJet/DeepJet/DeepHGCal/Converter/cmake-build-debug/CMakeFiles/CMakeTmp'
Building C object CMakeFiles/cmTC_e77a4.dir/feature_tests.c.o
/home/user/anaconda3/envs/deepjetLinux3/bin/cc   -std=c90 -o CMakeFiles/cmTC_e77a4.dir/feature_tests.c.o   -c /home/user/DeepJet/DeepJet/DeepHGCal/Converter/cmake-build-debug/CMakeFiles/feature_tests.c
Linking C executable cmTC_e77a4
/home/user/clion-2017.2.1/bin/cmake/bin/cmake -E cmake_link_script CMakeFiles/cmTC_e77a4.dir/link.txt --verbose=1
/home/user/anaconda3/envs/deepjetLinux3/bin/cc      CMakeFiles/cmTC_e77a4.dir/feature_tests.c.o  -o cmTC_e77a4 
make[1]: Leaving directory '/home/user/DeepJet/DeepJet/DeepHGCal/Converter/cmake-build-debug/CMakeFiles/CMakeTmp'


    Feature record: C_FEATURE:1c_function_prototypes
    Feature record: C_FEATURE:0c_restrict
    Feature record: C_FEATURE:0c_static_assert
    Feature record: C_FEATURE:0c_variadic_macros
Determining if the CXX compiler works passed with the following output:
Change Dir: /home/user/DeepJet/DeepJet/DeepHGCal/Converter/cmake-build-debug/CMakeFiles/CMakeTmp

Run Build Command:"/usr/bin/make" "cmTC_66683/fast"
/usr/bin/make -f CMakeFiles/cmTC_66683.dir/build.make CMakeFiles/cmTC_66683.dir/build
make[1]: Entering directory '/home/user/DeepJet/DeepJet/DeepHGCal/Converter/cmake-build-debug/CMakeFiles/CMakeTmp'
Building CXX object CMakeFiles/cmTC_66683.dir/testCXXCompiler.cxx.o
/home/user/anaconda3/envs/deepjetLinux3/bin/c++     -o CMakeFiles/cmTC_66683.dir/testCXXCompiler.cxx.o -c /home/user/DeepJet/DeepJet/DeepHGCal/Converter/cmake-build-debug/CMakeFiles/CMakeTmp/testCXXCompiler.cxx
Linking CXX executable cmTC_66683
/home/user/clion-2017.2.1/bin/cmake/bin/cmake -E cmake_link_script CMakeFiles/cmTC_66683.dir/link.txt --verbose=1
/home/user/anaconda3/envs/deepjetLinux3/bin/c++       CMakeFiles/cmTC_66683.dir/testCXXCompiler.cxx.o  -o cmTC_66683 
make[1]: Leaving directory '/home/user/DeepJet/DeepJet/DeepHGCal/Converter/cmake-build-debug/CMakeFiles/CMakeTmp'


Detecting CXX compiler ABI info compiled with the following output:
Change Dir: /home/user/DeepJet/DeepJet/DeepHGCal/Converter/cmake-build-debug/CMakeFiles/CMakeTmp

Run Build Command:"/usr/bin/make" "cmTC_d70d6/fast"
/usr/bin/make -f CMakeFiles/cmTC_d70d6.dir/build.make CMakeFiles/cmTC_d70d6.dir/build
make[1]: Entering directory '/home/user/DeepJet/DeepJet/DeepHGCal/Converter/cmake-build-debug/CMakeFiles/CMakeTmp'
Building CXX object CMakeFiles/cmTC_d70d6.dir/CMakeCXXCompilerABI.cpp.o
/home/user/anaconda3/envs/deepjetLinux3/bin/c++     -o CMakeFiles/cmTC_d70d6.dir/CMakeCXXCompilerABI.cpp.o -c /home/user/clion-2017.2.1/bin/cmake/share/cmake-3.8/Modules/CMakeCXXCompilerABI.cpp
Linking CXX executable cmTC_d70d6
/home/user/clion-2017.2.1/bin/cmake/bin/cmake -E cmake_link_script CMakeFiles/cmTC_d70d6.dir/link.txt --verbose=1
/home/user/anaconda3/envs/deepjetLinux3/bin/c++      -v CMakeFiles/cmTC_d70d6.dir/CMakeCXXCompilerABI.cpp.o  -o cmTC_d70d6 
Using built-in specs.
COLLECT_GCC=/home/user/anaconda3/envs/deepjetLinux3/bin/c++
COLLECT_LTO_WRAPPER=/home/user/anaconda3/envs/deepjetLinux3/libexec/gcc/x86_64-unknown-linux-gnu/4.8.3/lto-wrapper
Target: x86_64-unknown-linux-gnu
Configured with: /media/NewPartition/anaconda3/conda-bld/work/objdir/../gcc-4.8.2-20140120/configure --prefix=/home/user/anaconda3/envs/deepjetLinux3 --libdir=/home/user/anaconda3/envs/deepjetLinux3/lib --with-gmp=/home/user/anaconda3/envs/deepjetLinux3 --with-mpfr=/home/user/anaconda3/envs/deepjetLinux3 --with-mpc=/home/user/anaconda3/envs/deepjetLinux3 --with-isl=/home/user/anaconda3/envs/deepjetLinux3 --with-cloog=/home/user/anaconda3/envs/deepjetLinux3 --enable-checking=release --disable-multilib --enable-languages=c,c++
Thread model: posix
gcc version 4.8.3 20140120 (prerelease) (GCC) 
COMPILER_PATH=/home/user/anaconda3/envs/deepjetLinux3/libexec/gcc/x86_64-unknown-linux-gnu/4.8.3/:/home/user/anaconda3/envs/deepjetLinux3/libexec/gcc/x86_64-unknown-linux-gnu/4.8.3/:/home/user/anaconda3/envs/deepjetLinux3/libexec/gcc/x86_64-unknown-linux-gnu/:/home/user/anaconda3/envs/deepjetLinux3/lib/gcc/x86_64-unknown-linux-gnu/4.8.3/:/home/user/anaconda3/envs/deepjetLinux3/lib/gcc/x86_64-unknown-linux-gnu/
LIBRARY_PATH=/home/user/anaconda3/envs/deepjetLinux3/lib/gcc/x86_64-unknown-linux-gnu/4.8.3/:/home/user/anaconda3/envs/deepjetLinux3/lib/gcc/x86_64-unknown-linux-gnu/4.8.3/../../../../lib64/:/lib/../lib64/:/home/user/anaconda3/envs/deepjetLinux3/lib/gcc/x86_64-unknown-linux-gnu/4.8.3/../../../:/lib/:/usr/lib/
COLLECT_GCC_OPTIONS='-v' '-o' 'cmTC_d70d6' '-shared-libgcc' '-mtune=generic' '-march=x86-64'
 /home/user/anaconda3/envs/deepjetLinux3/libexec/gcc/x86_64-unknown-linux-gnu/4.8.3/collect2 --eh-frame-hdr -m elf_x86_64 -dynamic-linker /lib64/ld-linux-x86-64.so.2 -o cmTC_d70d6 /home/user/anaconda3/envs/deepjetLinux3/lib/gcc/x86_64-unknown-linux-gnu/4.8.3/../../../crt1.o /home/user/anaconda3/envs/deepjetLinux3/lib/gcc/x86_64-unknown-linux-gnu/4.8.3/../../../crti.o /home/user/anaconda3/envs/deepjetLinux3/lib/gcc/x86_64-unknown-linux-gnu/4.8.3/crtbegin.o -L/home/user/anaconda3/envs/deepjetLinux3/lib/gcc/x86_64-unknown-linux-gnu/4.8.3 -L/home/user/anaconda3/envs/deepjetLinux3/lib/gcc/x86_64-unknown-linux-gnu/4.8.3/../../../../lib64 -L/lib/../lib64 -L/home/user/anaconda3/envs/deepjetLinux3/lib/gcc/x86_64-unknown-linux-gnu/4.8.3/../../.. CMakeFiles/cmTC_d70d6.dir/CMakeCXXCompilerABI.cpp.o -lstdc++ -lm -lgcc_s -lgcc -lc -lgcc_s -lgcc /home/user/anaconda3/envs/deepjetLinux3/lib/gcc/x86_64-unknown-linux-gnu/4.8.3/crtend.o /home/user/anaconda3/envs/deepjetLinux3/lib/gcc/x86_64-unknown-linux-gnu/4.8.3/../../../crtn.o
make[1]: Leaving directory '/home/user/DeepJet/DeepJet/DeepHGCal/Converter/cmake-build-debug/CMakeFiles/CMakeTmp'


Parsed CXX implicit link information from above output:
  link line regex: [^( *|.*[/\])(ld|([^/\]+-)?ld|collect2)[^/\]*( |$)]
  ignore line: [Change Dir: /home/user/DeepJet/DeepJet/DeepHGCal/Converter/cmake-build-debug/CMakeFiles/CMakeTmp]
  ignore line: []
  ignore line: [Run Build Command:"/usr/bin/make" "cmTC_d70d6/fast"]
  ignore line: [/usr/bin/make -f CMakeFiles/cmTC_d70d6.dir/build.make CMakeFiles/cmTC_d70d6.dir/build]
  ignore line: [make[1]: Entering directory '/home/user/DeepJet/DeepJet/DeepHGCal/Converter/cmake-build-debug/CMakeFiles/CMakeTmp']
  ignore line: [Building CXX object CMakeFiles/cmTC_d70d6.dir/CMakeCXXCompilerABI.cpp.o]
  ignore line: [/home/user/anaconda3/envs/deepjetLinux3/bin/c++     -o CMakeFiles/cmTC_d70d6.dir/CMakeCXXCompilerABI.cpp.o -c /home/user/clion-2017.2.1/bin/cmake/share/cmake-3.8/Modules/CMakeCXXCompilerABI.cpp]
  ignore line: [Linking CXX executable cmTC_d70d6]
  ignore line: [/home/user/clion-2017.2.1/bin/cmake/bin/cmake -E cmake_link_script CMakeFiles/cmTC_d70d6.dir/link.txt --verbose=1]
  ignore line: [/home/user/anaconda3/envs/deepjetLinux3/bin/c++      -v CMakeFiles/cmTC_d70d6.dir/CMakeCXXCompilerABI.cpp.o  -o cmTC_d70d6 ]
  ignore line: [Using built-in specs.]
  ignore line: [COLLECT_GCC=/home/user/anaconda3/envs/deepjetLinux3/bin/c++]
  ignore line: [COLLECT_LTO_WRAPPER=/home/user/anaconda3/envs/deepjetLinux3/libexec/gcc/x86_64-unknown-linux-gnu/4.8.3/lto-wrapper]
  ignore line: [Target: x86_64-unknown-linux-gnu]
  ignore line: [Configured with: /media/NewPartition/anaconda3/conda-bld/work/objdir/../gcc-4.8.2-20140120/configure --prefix=/home/user/anaconda3/envs/deepjetLinux3 --libdir=/home/user/anaconda3/envs/deepjetLinux3/lib --with-gmp=/home/user/anaconda3/envs/deepjetLinux3 --with-mpfr=/home/user/anaconda3/envs/deepjetLinux3 --with-mpc=/home/user/anaconda3/envs/deepjetLinux3 --with-isl=/home/user/anaconda3/envs/deepjetLinux3 --with-cloog=/home/user/anaconda3/envs/deepjetLinux3 --enable-checking=release --disable-multilib --enable-languages=c,c++]
  ignore line: [Thread model: posix]
  ignore line: [gcc version 4.8.3 20140120 (prerelease) (GCC) ]
  ignore line: [COMPILER_PATH=/home/user/anaconda3/envs/deepjetLinux3/libexec/gcc/x86_64-unknown-linux-gnu/4.8.3/:/home/user/anaconda3/envs/deepjetLinux3/libexec/gcc/x86_64-unknown-linux-gnu/4.8.3/:/home/user/anaconda3/envs/deepjetLinux3/libexec/gcc/x86_64-unknown-linux-gnu/:/home/user/anaconda3/envs/deepjetLinux3/lib/gcc/x86_64-unknown-linux-gnu/4.8.3/:/home/user/anaconda3/envs/deepjetLinux3/lib/gcc/x86_64-unknown-linux-gnu/]
  ignore line: [LIBRARY_PATH=/home/user/anaconda3/envs/deepjetLinux3/lib/gcc/x86_64-unknown-linux-gnu/4.8.3/:/home/user/anaconda3/envs/deepjetLinux3/lib/gcc/x86_64-unknown-linux-gnu/4.8.3/../../../../lib64/:/lib/../lib64/:/home/user/anaconda3/envs/deepjetLinux3/lib/gcc/x86_64-unknown-linux-gnu/4.8.3/../../../:/lib/:/usr/lib/]
  ignore line: [COLLECT_GCC_OPTIONS='-v' '-o' 'cmTC_d70d6' '-shared-libgcc' '-mtune=generic' '-march=x86-64']
  link line: [ /home/user/anaconda3/envs/deepjetLinux3/libexec/gcc/x86_64-unknown-linux-gnu/4.8.3/collect2 --eh-frame-hdr -m elf_x86_64 -dynamic-linker /lib64/ld-linux-x86-64.so.2 -o cmTC_d70d6 /home/user/anaconda3/envs/deepjetLinux3/lib/gcc/x86_64-unknown-linux-gnu/4.8.3/../../../crt1.o /home/user/anaconda3/envs/deepjetLinux3/lib/gcc/x86_64-unknown-linux-gnu/4.8.3/../../../crti.o /home/user/anaconda3/envs/deepjetLinux3/lib/gcc/x86_64-unknown-linux-gnu/4.8.3/crtbegin.o -L/home/user/anaconda3/envs/deepjetLinux3/lib/gcc/x86_64-unknown-linux-gnu/4.8.3 -L/home/user/anaconda3/envs/deepjetLinux3/lib/gcc/x86_64-unknown-linux-gnu/4.8.3/../../../../lib64 -L/lib/../lib64 -L/home/user/anaconda3/envs/deepjetLinux3/lib/gcc/x86_64-unknown-linux-gnu/4.8.3/../../.. CMakeFiles/cmTC_d70d6.dir/CMakeCXXCompilerABI.cpp.o -lstdc++ -lm -lgcc_s -lgcc -lc -lgcc_s -lgcc /home/user/anaconda3/envs/deepjetLinux3/lib/gcc/x86_64-unknown-linux-gnu/4.8.3/crtend.o /home/user/anaconda3/envs/deepjetLinux3/lib/gcc/x86_64-unknown-linux-gnu/4.8.3/../../../crtn.o]
    arg [/home/user/anaconda3/envs/deepjetLinux3/libexec/gcc/x86_64-unknown-linux-gnu/4.8.3/collect2] ==> ignore
    arg [--eh-frame-hdr] ==> ignore
    arg [-m] ==> ignore
    arg [elf_x86_64] ==> ignore
    arg [-dynamic-linker] ==> ignore
    arg [/lib64/ld-linux-x86-64.so.2] ==> ignore
    arg [-o] ==> ignore
    arg [cmTC_d70d6] ==> ignore
    arg [/home/user/anaconda3/envs/deepjetLinux3/lib/gcc/x86_64-unknown-linux-gnu/4.8.3/../../../crt1.o] ==> ignore
    arg [/home/user/anaconda3/envs/deepjetLinux3/lib/gcc/x86_64-unknown-linux-gnu/4.8.3/../../../crti.o] ==> ignore
    arg [/home/user/anaconda3/envs/deepjetLinux3/lib/gcc/x86_64-unknown-linux-gnu/4.8.3/crtbegin.o] ==> ignore
    arg [-L/home/user/anaconda3/envs/deepjetLinux3/lib/gcc/x86_64-unknown-linux-gnu/4.8.3] ==> dir [/home/user/anaconda3/envs/deepjetLinux3/lib/gcc/x86_64-unknown-linux-gnu/4.8.3]
    arg [-L/home/user/anaconda3/envs/deepjetLinux3/lib/gcc/x86_64-unknown-linux-gnu/4.8.3/../../../../lib64] ==> dir [/home/user/anaconda3/envs/deepjetLinux3/lib/gcc/x86_64-unknown-linux-gnu/4.8.3/../../../../lib64]
    arg [-L/lib/../lib64] ==> dir [/lib/../lib64]
    arg [-L/home/user/anaconda3/envs/deepjetLinux3/lib/gcc/x86_64-unknown-linux-gnu/4.8.3/../../..] ==> dir [/home/user/anaconda3/envs/deepjetLinux3/lib/gcc/x86_64-unknown-linux-gnu/4.8.3/../../..]
    arg [CMakeFiles/cmTC_d70d6.dir/CMakeCXXCompilerABI.cpp.o] ==> ignore
    arg [-lstdc++] ==> lib [stdc++]
    arg [-lm] ==> lib [m]
    arg [-lgcc_s] ==> lib [gcc_s]
    arg [-lgcc] ==> lib [gcc]
    arg [-lc] ==> lib [c]
    arg [-lgcc_s] ==> lib [gcc_s]
    arg [-lgcc] ==> lib [gcc]
    arg [/home/user/anaconda3/envs/deepjetLinux3/lib/gcc/x86_64-unknown-linux-gnu/4.8.3/crtend.o] ==> ignore
    arg [/home/user/anaconda3/envs/deepjetLinux3/lib/gcc/x86_64-unknown-linux-gnu/4.8.3/../../../crtn.o] ==> ignore
  remove lib [gcc_s]
  remove lib [gcc]
  remove lib [gcc_s]
  remove lib [gcc]
  collapse library dir [/home/user/anaconda3/envs/deepjetLinux3/lib/gcc/x86_64-unknown-linux-gnu/4.8.3] ==> [/home/user/anaconda3/envs/deepjetLinux3/lib/gcc/x86_64-unknown-linux-gnu/4.8.3]
  collapse library dir [/home/user/anaconda3/envs/deepjetLinux3/lib/gcc/x86_64-unknown-linux-gnu/4.8.3/../../../../lib64] ==> [/home/user/anaconda3/envs/deepjetLinux3/lib64]
  collapse library dir [/lib/../lib64] ==> [/lib64]
  collapse library dir [/home/user/anaconda3/envs/deepjetLinux3/lib/gcc/x86_64-unknown-linux-gnu/4.8.3/../../..] ==> [/home/user/anaconda3/envs/deepjetLinux3/lib]
  implicit libs: [stdc++;m;c]
  implicit dirs: [/home/user/anaconda3/envs/deepjetLinux3/lib/gcc/x86_64-unknown-linux-gnu/4.8.3;/home/user/anaconda3/envs/deepjetLinux3/lib64;/lib64;/home/user/anaconda3/envs/deepjetLinux3/lib]
  implicit fwks: []




Detecting CXX [-std=c++1y] compiler features compiled with the following output:
Change Dir: /home/user/DeepJet/DeepJet/DeepHGCal/Converter/cmake-build-debug/CMakeFiles/CMakeTmp

Run Build Command:"/usr/bin/make" "cmTC_aa5c0/fast"
/usr/bin/make -f CMakeFiles/cmTC_aa5c0.dir/build.make CMakeFiles/cmTC_aa5c0.dir/build
make[1]: Entering directory '/home/user/DeepJet/DeepJet/DeepHGCal/Converter/cmake-build-debug/CMakeFiles/CMakeTmp'
Building CXX object CMakeFiles/cmTC_aa5c0.dir/feature_tests.cxx.o
/home/user/anaconda3/envs/deepjetLinux3/bin/c++    -std=c++1y -o CMakeFiles/cmTC_aa5c0.dir/feature_tests.cxx.o -c /home/user/DeepJet/DeepJet/DeepHGCal/Converter/cmake-build-debug/CMakeFiles/feature_tests.cxx
Linking CXX executable cmTC_aa5c0
/home/user/clion-2017.2.1/bin/cmake/bin/cmake -E cmake_link_script CMakeFiles/cmTC_aa5c0.dir/link.txt --verbose=1
/home/user/anaconda3/envs/deepjetLinux3/bin/c++       CMakeFiles/cmTC_aa5c0.dir/feature_tests.cxx.o  -o cmTC_aa5c0 
make[1]: Leaving directory '/home/user/DeepJet/DeepJet/DeepHGCal/Converter/cmake-build-debug/CMakeFiles/CMakeTmp'


    Feature record: CXX_FEATURE:0cxx_aggregate_default_initializers
    Feature record: CXX_FEATURE:1cxx_alias_templates
    Feature record: CXX_FEATURE:1cxx_alignas
    Feature record: CXX_FEATURE:1cxx_alignof
    Feature record: CXX_FEATURE:1cxx_attributes
    Feature record: CXX_FEATURE:0cxx_attribute_deprecated
    Feature record: CXX_FEATURE:1cxx_auto_type
    Feature record: CXX_FEATURE:0cxx_binary_literals
    Feature record: CXX_FEATURE:1cxx_constexpr
    Feature record: CXX_FEATURE:0cxx_contextual_conversions
    Feature record: CXX_FEATURE:1cxx_decltype
    Feature record: CXX_FEATURE:0cxx_decltype_auto
    Feature record: CXX_FEATURE:1cxx_decltype_incomplete_return_types
    Feature record: CXX_FEATURE:1cxx_default_function_template_args
    Feature record: CXX_FEATURE:1cxx_defaulted_functions
    Feature record: CXX_FEATURE:1cxx_defaulted_move_initializers
    Feature record: CXX_FEATURE:1cxx_delegating_constructors
    Feature record: CXX_FEATURE:1cxx_deleted_functions
    Feature record: CXX_FEATURE:0cxx_digit_separators
    Feature record: CXX_FEATURE:1cxx_enum_forward_declarations
    Feature record: CXX_FEATURE:1cxx_explicit_conversions
    Feature record: CXX_FEATURE:1cxx_extended_friend_declarations
    Feature record: CXX_FEATURE:1cxx_extern_templates
    Feature record: CXX_FEATURE:1cxx_final
    Feature record: CXX_FEATURE:1cxx_func_identifier
    Feature record: CXX_FEATURE:1cxx_generalized_initializers
    Feature record: CXX_FEATURE:0cxx_generic_lambdas
    Feature record: CXX_FEATURE:1cxx_inheriting_constructors
    Feature record: CXX_FEATURE:1cxx_inline_namespaces
    Feature record: CXX_FEATURE:1cxx_lambdas
    Feature record: CXX_FEATURE:0cxx_lambda_init_captures
    Feature record: CXX_FEATURE:1cxx_local_type_template_args
    Feature record: CXX_FEATURE:1cxx_long_long_type
    Feature record: CXX_FEATURE:1cxx_noexcept
    Feature record: CXX_FEATURE:1cxx_nonstatic_member_init
    Feature record: CXX_FEATURE:1cxx_nullptr
    Feature record: CXX_FEATURE:1cxx_override
    Feature record: CXX_FEATURE:1cxx_range_for
    Feature record: CXX_FEATURE:1cxx_raw_string_literals
    Feature record: CXX_FEATURE:1cxx_reference_qualified_functions
    Feature record: CXX_FEATURE:0cxx_relaxed_constexpr
    Feature record: CXX_FEATURE:0cxx_return_type_deduction
    Feature record: CXX_FEATURE:1cxx_right_angle_brackets
    Feature record: CXX_FEATURE:1cxx_rvalue_references
    Feature record: CXX_FEATURE:1cxx_sizeof_member
    Feature record: CXX_FEATURE:1cxx_static_assert
    Feature record: CXX_FEATURE:1cxx_strong_enums
    Feature record: CXX_FEATURE:1cxx_template_template_parameters
    Feature record: CXX_FEATURE:1cxx_thread_local
    Feature record: CXX_FEATURE:1cxx_trailing_return_types
    Feature record: CXX_FEATURE:1cxx_unicode_literals
    Feature record: CXX_FEATURE:1cxx_uniform_initialization
    Feature record: CXX_FEATURE:1cxx_unrestricted_unions
    Feature record: CXX_FEATURE:1cxx_user_literals
    Feature record: CXX_FEATURE:0cxx_variable_templates
    Feature record: CXX_FEATURE:1cxx_variadic_macros
    Feature record: CXX_FEATURE:1cxx_variadic_templates


Detecting CXX [-std=c++11] compiler features compiled with the following output:
Change Dir: /home/user/DeepJet/DeepJet/DeepHGCal/Converter/cmake-build-debug/CMakeFiles/CMakeTmp

Run Build Command:"/usr/bin/make" "cmTC_284d2/fast"
/usr/bin/make -f CMakeFiles/cmTC_284d2.dir/build.make CMakeFiles/cmTC_284d2.dir/build
make[1]: Entering directory '/home/user/DeepJet/DeepJet/DeepHGCal/Converter/cmake-build-debug/CMakeFiles/CMakeTmp'
Building CXX object CMakeFiles/cmTC_284d2.dir/feature_tests.cxx.o
/home/user/anaconda3/envs/deepjetLinux3/bin/c++    -std=c++11 -o CMakeFiles/cmTC_284d2.dir/feature_tests.cxx.o -c /home/user/DeepJet/DeepJet/DeepHGCal/Converter/cmake-build-debug/CMakeFiles/feature_tests.cxx
Linking CXX executable cmTC_284d2
/home/user/clion-2017.2.1/bin/cmake/bin/cmake -E cmake_link_script CMakeFiles/cmTC_284d2.dir/link.txt --verbose=1
/home/user/anaconda3/envs/deepjetLinux3/bin/c++       CMakeFiles/cmTC_284d2.dir/feature_tests.cxx.o  -o cmTC_284d2 
make[1]: Leaving directory '/home/user/DeepJet/DeepJet/DeepHGCal/Converter/cmake-build-debug/CMakeFiles/CMakeTmp'


    Feature record: CXX_FEATURE:0cxx_aggregate_default_initializers
    Feature record: CXX_FEATURE:1cxx_alias_templates
    Feature record: CXX_FEATURE:1cxx_alignas
    Feature record: CXX_FEATURE:1cxx_alignof
    Feature record: CXX_FEATURE:1cxx_attributes
    Feature record: CXX_FEATURE:0cxx_attribute_deprecated
    Feature record: CXX_FEATURE:1cxx_auto_type
    Feature record: CXX_FEATURE:0cxx_binary_literals
    Feature record: CXX_FEATURE:1cxx_constexpr
    Feature record: CXX_FEATURE:0cxx_contextual_conversions
    Feature record: CXX_FEATURE:1cxx_decltype
    Feature record: CXX_FEATURE:0cxx_decltype_auto
    Feature record: CXX_FEATURE:1cxx_decltype_incomplete_return_types
    Feature record: CXX_FEATURE:1cxx_default_function_template_args
    Feature record: CXX_FEATURE:1cxx_defaulted_functions
    Feature record: CXX_FEATURE:1cxx_defaulted_move_initializers
    Feature record: CXX_FEATURE:1cxx_delegating_constructors
    Feature record: CXX_FEATURE:1cxx_deleted_functions
    Feature record: CXX_FEATURE:0cxx_digit_separators
    Feature record: CXX_FEATURE:1cxx_enum_forward_declarations
    Feature record: CXX_FEATURE:1cxx_explicit_conversions
    Feature record: CXX_FEATURE:1cxx_extended_friend_declarations
    Feature record: CXX_FEATURE:1cxx_extern_templates
    Feature record: CXX_FEATURE:1cxx_final
    Feature record: CXX_FEATURE:1cxx_func_identifier
    Feature record: CXX_FEATURE:1cxx_generalized_initializers
    Feature record: CXX_FEATURE:0cxx_generic_lambdas
    Feature record: CXX_FEATURE:1cxx_inheriting_constructors
    Feature record: CXX_FEATURE:1cxx_inline_namespaces
    Feature record: CXX_FEATURE:1cxx_lambdas
    Feature record: CXX_FEATURE:0cxx_lambda_init_captures
    Feature record: CXX_FEATURE:1cxx_local_type_template_args
    Feature record: CXX_FEATURE:1cxx_long_long_type
    Feature record: CXX_FEATURE:1cxx_noexcept
    Feature record: CXX_FEATURE:1cxx_nonstatic_member_init
    Feature record: CXX_FEATURE:1cxx_nullptr
    Feature record: CXX_FEATURE:1cxx_override
    Feature record: CXX_FEATURE:1cxx_range_for
    Feature record: CXX_FEATURE:1cxx_raw_string_literals
    Feature record: CXX_FEATURE:1cxx_reference_qualified_functions
    Feature record: CXX_FEATURE:0cxx_relaxed_constexpr
    Feature record: CXX_FEATURE:0cxx_return_type_deduction
    Feature record: CXX_FEATURE:1cxx_right_angle_brackets
    Feature record: CXX_FEATURE:1cxx_rvalue_references
    Feature record: CXX_FEATURE:1cxx_sizeof_member
    Feature record: CXX_FEATURE:1cxx_static_assert
    Feature record: CXX_FEATURE:1cxx_strong_enums
    Feature record: CXX_FEATURE:1cxx_template_template_parameters
    Feature record: CXX_FEATURE:1cxx_thread_local
    Feature record: CXX_FEATURE:1cxx_trailing_return_types
    Feature record: CXX_FEATURE:1cxx_unicode_literals
    Feature record: CXX_FEATURE:1cxx_uniform_initialization
    Feature record: CXX_FEATURE:1cxx_unrestricted_unions
    Feature record: CXX_FEATURE:1cxx_user_literals
    Feature record: CXX_FEATURE:0cxx_variable_templates
    Feature record: CXX_FEATURE:1cxx_variadic_macros
    Feature record: CXX_FEATURE:1cxx_variadic_templates


Detecting CXX [-std=c++98] compiler features compiled with the following output:
Change Dir: /home/user/DeepJet/DeepJet/DeepHGCal/Converter/cmake-build-debug/CMakeFiles/CMakeTmp

Run Build Command:"/usr/bin/make" "cmTC_97d73/fast"
/usr/bin/make -f CMakeFiles/cmTC_97d73.dir/build.make CMakeFiles/cmTC_97d73.dir/build
make[1]: Entering directory '/home/user/DeepJet/DeepJet/DeepHGCal/Converter/cmake-build-debug/CMakeFiles/CMakeTmp'
Building CXX object CMakeFiles/cmTC_97d73.dir/feature_tests.cxx.o
/home/user/anaconda3/envs/deepjetLinux3/bin/c++    -std=c++98 -o CMakeFiles/cmTC_97d73.dir/feature_tests.cxx.o -c /home/user/DeepJet/DeepJet/DeepHGCal/Converter/cmake-build-debug/CMakeFiles/feature_tests.cxx
Linking CXX executable cmTC_97d73
/home/user/clion-2017.2.1/bin/cmake/bin/cmake -E cmake_link_script CMakeFiles/cmTC_97d73.dir/link.txt --verbose=1
/home/user/anaconda3/envs/deepjetLinux3/bin/c++       CMakeFiles/cmTC_97d73.dir/feature_tests.cxx.o  -o cmTC_97d73 
make[1]: Leaving directory '/home/user/DeepJet/DeepJet/DeepHGCal/Converter/cmake-build-debug/CMakeFiles/CMakeTmp'


    Feature record: CXX_FEATURE:0cxx_aggregate_default_initializers
    Feature record: CXX_FEATURE:0cxx_alias_templates
    Feature record: CXX_FEATURE:0cxx_alignas
    Feature record: CXX_FEATURE:0cxx_alignof
    Feature record: CXX_FEATURE:0cxx_attributes
    Feature record: CXX_FEATURE:0cxx_attribute_deprecated
    Feature record: CXX_FEATURE:0cxx_auto_type
    Feature record: CXX_FEATURE:0cxx_binary_literals
    Feature record: CXX_FEATURE:0cxx_constexpr
    Feature record: CXX_FEATURE:0cxx_contextual_conversions
    Feature record: CXX_FEATURE:0cxx_decltype
    Feature record: CXX_FEATURE:0cxx_decltype_auto
    Feature record: CXX_FEATURE:0cxx_decltype_incomplete_return_types
    Feature record: CXX_FEATURE:0cxx_default_function_template_args
    Feature record: CXX_FEATURE:0cxx_defaulted_functions
    Feature record: CXX_FEATURE:0cxx_defaulted_move_initializers
    Feature record: CXX_FEATURE:0cxx_delegating_constructors
    Feature record: CXX_FEATURE:0cxx_deleted_functions
    Feature record: CXX_FEATURE:0cxx_digit_separators
    Feature record: CXX_FEATURE:0cxx_enum_forward_declarations
    Feature record: CXX_FEATURE:0cxx_explicit_conversions
    Feature record: CXX_FEATURE:0cxx_extended_friend_declarations
    Feature record: CXX_FEATURE:0cxx_extern_templates
    Feature record: CXX_FEATURE:0cxx_final
    Feature record: CXX_FEATURE:0cxx_func_identifier
    Feature record: CXX_FEATURE:0cxx_generalized_initializers
    Feature record: CXX_FEATURE:0cxx_generic_lambdas
    Feature record: CXX_FEATURE:0cxx_inheriting_constructors
    Feature record: CXX_FEATURE:0cxx_inline_namespaces
    Feature record: CXX_FEATURE:0cxx_lambdas
    Feature record: CXX_FEATURE:0cxx_lambda_init_captures
    Feature record: CXX_FEATURE:0cxx_local_type_template_args
    Feature record: CXX_FEATURE:0cxx_long_long_type
    Feature record: CXX_FEATURE:0cxx_noexcept
    Feature record: CXX_FEATURE:0cxx_nonstatic_member_init
    Feature record: CXX_FEATURE:0cxx_nullptr
    Feature record: CXX_FEATURE:0cxx_override
    Feature record: CXX_FEATURE:0cxx_range_for
    Feature record: CXX_FEATURE:0cxx_raw_string_literals
    Feature record: CXX_FEATURE:0cxx_reference_qualified_functions
    Feature record: CXX_FEATURE:0cxx_relaxed_constexpr
    Feature record: CXX_FEATURE:0cxx_return_type_deduction
    Feature record: CXX_FEATURE:0cxx_right_angle_brackets
    Feature record: CXX_FEATURE:0cxx_rvalue_references
    Feature record: CXX_FEATURE:0cxx_sizeof_member
    Feature record: CXX_FEATURE:0cxx_static_assert
    Feature record: CXX_FEATURE:0cxx_strong_enums
    Feature record: CXX_FEATURE:1cxx_template_template_parameters
    Feature record: CXX_FEATURE:0cxx_thread_local
    Feature record: CXX_FEATURE:0cxx_trailing_return_types
    Feature record: CXX_FEATURE:0cxx_unicode_literals
    Feature record: CXX_FEATURE:0cxx_uniform_initialization
    Feature record: CXX_FEATURE:0cxx_unrestricted_unions
    Feature record: CXX_FEATURE:0cxx_user_literals
    Feature record: CXX_FEATURE:0cxx_variable_templates
    Feature record: CXX_FEATURE:0cxx_variadic_macros
    Feature record: CXX_FEATURE:0cxx_variadic_templates
